{"numFailedTestSuites":2,"numFailedTests":2,"numPassedTestSuites":2,"numPassedTests":9,"numPendingTestSuites":0,"numPendingTests":0,"numRuntimeErrorTestSuites":0,"numTodoTests":0,"numTotalTestSuites":4,"numTotalTests":11,"openHandles":[],"snapshot":{"added":0,"didUpdate":false,"failure":false,"filesAdded":0,"filesRemoved":0,"filesRemovedList":[],"filesUnmatched":0,"filesUpdated":0,"matched":0,"total":0,"unchecked":0,"uncheckedKeysByFile":[],"unmatched":0,"updated":0},"startTime":1773899251875,"success":false,"testResults":[{"assertionResults":[{"ancestorTitles":["Global Error Handler Middleware"],"duration":34,"failing":false,"failureDetails":[],"failureMessages":[],"fullName":"Global Error Handler Middleware should return 404 with JSON/HTML body for unknown routes","invocations":1,"location":null,"numPassingAsserts":1,"retryReasons":[],"startAt":1773899252608,"status":"passed","title":"should return 404 with JSON/HTML body for unknown routes"},{"ancestorTitles":["Global Error Handler Middleware"],"duration":26,"failing":false,"failureDetails":[{"matcherResult":{"message":"\u001b[2mexpect(\u001b[22m\u001b[31mreceived\u001b[39m\u001b[2m).\u001b[22mtoMatch\u001b[2m(\u001b[22m\u001b[32mexpected\u001b[39m\u001b[2m)\u001b[22m\n\nExpected pattern: \u001b[32m/Unexpected end of JSON/i\u001b[39m\nReceived string:  \u001b[31m\"Expected ',' or '}' after property value in JSON at position 22 (line 1 column 23)\"\u001b[39m","pass":false}}],"failureMessages":["Error: \u001b[2mexpect(\u001b[22m\u001b[31mreceived\u001b[39m\u001b[2m).\u001b[22mtoMatch\u001b[2m(\u001b[22m\u001b[32mexpected\u001b[39m\u001b[2m)\u001b[22m\n\nExpected pattern: \u001b[32m/Unexpected end of JSON/i\u001b[39m\nReceived string:  \u001b[31m\"Expected ',' or '}' after property value in JSON at position 22 (line 1 column 23)\"\u001b[39m\n    at Object.toMatch (C:\\Users\\Omkar\\Downloads\\API Gateway\\tests\\errorHandler.test.js:20:36)\n    at processTicksAndRejections (node:internal/process/task_queues:105:5)"],"fullName":"Global Error Handler Middleware should return JSON body with error structure for runtime/parsing errors","invocations":1,"location":null,"numPassingAsserts":3,"retryReasons":[],"startAt":1773899252643,"status":"failed","title":"should return JSON body with error structure for runtime/parsing errors"}],"endTime":1773899252696,"message":"\u001b[1m\u001b[31m  \u001b[1m● \u001b[22m\u001b[1mGlobal Error Handler Middleware › should return JSON body with error structure for runtime/parsing errors\u001b[39m\u001b[22m\n\n    \u001b[2mexpect(\u001b[22m\u001b[31mreceived\u001b[39m\u001b[2m).\u001b[22mtoMatch\u001b[2m(\u001b[22m\u001b[32mexpected\u001b[39m\u001b[2m)\u001b[22m\n\n    Expected pattern: \u001b[32m/Unexpected end of JSON/i\u001b[39m\n    Received string:  \u001b[31m\"Expected ',' or '}' after property value in JSON at position 22 (line 1 column 23)\"\u001b[39m\n\u001b[2m\u001b[22m\n\u001b[2m    \u001b[0m \u001b[90m 18 |\u001b[39m     expect(res\u001b[33m.\u001b[39mbody)\u001b[33m.\u001b[39mtoHaveProperty(\u001b[32m'error'\u001b[39m)\u001b[33m;\u001b[39m\u001b[22m\n\u001b[2m     \u001b[90m 19 |\u001b[39m     expect(res\u001b[33m.\u001b[39mbody\u001b[33m.\u001b[39merror)\u001b[33m.\u001b[39mtoHaveProperty(\u001b[32m'message'\u001b[39m)\u001b[33m;\u001b[39m\u001b[22m\n\u001b[2m    \u001b[31m\u001b[1m>\u001b[22m\u001b[2m\u001b[39m\u001b[90m 20 |\u001b[39m     expect(res\u001b[33m.\u001b[39mbody\u001b[33m.\u001b[39merror\u001b[33m.\u001b[39mmessage)\u001b[33m.\u001b[39mtoMatch(\u001b[35m/Unexpected end of JSON/i\u001b[39m)\u001b[33m;\u001b[39m\u001b[22m\n\u001b[2m     \u001b[90m    |\u001b[39m                                    \u001b[31m\u001b[1m^\u001b[22m\u001b[2m\u001b[39m\u001b[22m\n\u001b[2m     \u001b[90m 21 |\u001b[39m     expect(res\u001b[33m.\u001b[39mbody\u001b[33m.\u001b[39merror)\u001b[33m.\u001b[39mnot\u001b[33m.\u001b[39mtoHaveProperty(\u001b[32m'stack'\u001b[39m)\u001b[33m;\u001b[39m\u001b[22m\n\u001b[2m     \u001b[90m 22 |\u001b[39m     expect(res\u001b[33m.\u001b[39mheaders[\u001b[32m'content-type'\u001b[39m])\u001b[33m.\u001b[39mtoMatch(\u001b[35m/json/\u001b[39m)\u001b[33m;\u001b[39m\u001b[22m\n\u001b[2m     \u001b[90m 23 |\u001b[39m   })\u001b[33m;\u001b[39m\u001b[0m\u001b[22m\n\u001b[2m\u001b[22m\n\u001b[2m      \u001b[2mat Object.toMatch (\u001b[22m\u001b[2m\u001b[0m\u001b[36mtests/errorHandler.test.js\u001b[39m\u001b[0m\u001b[2m:20:36)\u001b[22m\u001b[2m\u001b[22m\n","name":"C:\\Users\\Omkar\\Downloads\\API Gateway\\tests\\errorHandler.test.js","startTime":1773899251971,"status":"failed","summary":""},{"assertionResults":[{"ancestorTitles":["Proxy Routing & Header Injection"],"duration":32,"failing":false,"failureDetails":[{"matcherResult":{"message":"\u001b[2mexpect(\u001b[22m\u001b[31mreceived\u001b[39m\u001b[2m).\u001b[22mtoHaveProperty\u001b[2m(\u001b[22m\u001b[32mpath\u001b[39m\u001b[2m)\u001b[22m\n\nExpected path: \u001b[32m\"x-request-id\"\u001b[39m\nReceived path: \u001b[31m[]\u001b[39m\n\nReceived value: \u001b[31m{\"accept-encoding\": \"gzip, deflate\", \"authorization\": \"Bearer eyJhbGciOiJIUzI1NiIsInR5cCI6IkpXVCJ9.eyJzdWIiOiJzdXBlcl91c2VyXzk5Iiwicm9sZXMiOlsidXNlciIsImFkbWluIl0sImlhdCI6MTc3Mzg5OTI1MiwiZXhwIjoxNzczOTAyODUyfQ.Z9gEN--k9hlcWr_YDFybqj0OH2mUZl4IIMSlDu8dlMg\", \"connection\": \"close\", \"host\": \"localhost:4002\", \"x-user-id\": \"super_user_99\", \"x-user-role\": \"user,admin\"}\u001b[39m","pass":false}}],"failureMessages":["Error: \u001b[2mexpect(\u001b[22m\u001b[31mreceived\u001b[39m\u001b[2m).\u001b[22mtoHaveProperty\u001b[2m(\u001b[22m\u001b[32mpath\u001b[39m\u001b[2m)\u001b[22m\n\nExpected path: \u001b[32m\"x-request-id\"\u001b[39m\nReceived path: \u001b[31m[]\u001b[39m\n\nReceived value: \u001b[31m{\"accept-encoding\": \"gzip, deflate\", \"authorization\": \"Bearer eyJhbGciOiJIUzI1NiIsInR5cCI6IkpXVCJ9.eyJzdWIiOiJzdXBlcl91c2VyXzk5Iiwicm9sZXMiOlsidXNlciIsImFkbWluIl0sImlhdCI6MTc3Mzg5OTI1MiwiZXhwIjoxNzczOTAyODUyfQ.Z9gEN--k9hlcWr_YDFybqj0OH2mUZl4IIMSlDu8dlMg\", \"connection\": \"close\", \"host\": \"localhost:4002\", \"x-user-id\": \"super_user_99\", \"x-user-role\": \"user,admin\"}\u001b[39m\n    at Object.toHaveProperty (C:\\Users\\Omkar\\Downloads\\API Gateway\\tests\\proxy.test.js:50:37)\n    at processTicksAndRejections (node:internal/process/task_queues:105:5)"],"fullName":"Proxy Routing & Header Injection should strip prefix and inject identity headers before proxying","invocations":1,"location":null,"numPassingAsserts":3,"retryReasons":[],"startAt":1773899252869,"status":"failed","title":"should strip prefix and inject identity headers before proxying"}],"endTime":1773899252907,"message":"\u001b[1m\u001b[31m  \u001b[1m● \u001b[22m\u001b[1mProxy Routing & Header Injection › should strip prefix and inject identity headers before proxying\u001b[39m\u001b[22m\n\n    \u001b[2mexpect(\u001b[22m\u001b[31mreceived\u001b[39m\u001b[2m).\u001b[22mtoHaveProperty\u001b[2m(\u001b[22m\u001b[32mpath\u001b[39m\u001b[2m)\u001b[22m\n\n    Expected path: \u001b[32m\"x-request-id\"\u001b[39m\n    Received path: \u001b[31m[]\u001b[39m\n\n    Received value: \u001b[31m{\"accept-encoding\": \"gzip, deflate\", \"authorization\": \"Bearer eyJhbGciOiJIUzI1NiIsInR5cCI6IkpXVCJ9.eyJzdWIiOiJzdXBlcl91c2VyXzk5Iiwicm9sZXMiOlsidXNlciIsImFkbWluIl0sImlhdCI6MTc3Mzg5OTI1MiwiZXhwIjoxNzczOTAyODUyfQ.Z9gEN--k9hlcWr_YDFybqj0OH2mUZl4IIMSlDu8dlMg\", \"connection\": \"close\", \"host\": \"localhost:4002\", \"x-user-id\": \"super_user_99\", \"x-user-role\": \"user,admin\"}\u001b[39m\n\u001b[2m\u001b[22m\n\u001b[2m    \u001b[0m \u001b[90m 48 |\u001b[39m     \u001b[22m\n\u001b[2m     \u001b[90m 49 |\u001b[39m     \u001b[90m// Assert headers are injected\u001b[39m\u001b[22m\n\u001b[2m    \u001b[31m\u001b[1m>\u001b[22m\u001b[2m\u001b[39m\u001b[90m 50 |\u001b[39m     expect(receivedRequest\u001b[33m.\u001b[39mheaders)\u001b[33m.\u001b[39mtoHaveProperty(\u001b[32m'x-request-id'\u001b[39m)\u001b[33m;\u001b[39m\u001b[22m\n\u001b[2m     \u001b[90m    |\u001b[39m                                     \u001b[31m\u001b[1m^\u001b[22m\u001b[2m\u001b[39m\u001b[22m\n\u001b[2m     \u001b[90m 51 |\u001b[39m     expect(receivedRequest\u001b[33m.\u001b[39mheaders[\u001b[32m'x-user-id'\u001b[39m])\u001b[33m.\u001b[39mtoBe(\u001b[32m'super_user_99'\u001b[39m)\u001b[33m;\u001b[39m\u001b[22m\n\u001b[2m     \u001b[90m 52 |\u001b[39m     expect(receivedRequest\u001b[33m.\u001b[39mheaders[\u001b[32m'x-user-roles'\u001b[39m])\u001b[33m.\u001b[39mtoBe(\u001b[32m'user,admin'\u001b[39m)\u001b[33m;\u001b[39m\u001b[22m\n\u001b[2m     \u001b[90m 53 |\u001b[39m   })\u001b[33m;\u001b[39m\u001b[0m\u001b[22m\n\u001b[2m\u001b[22m\n\u001b[2m      \u001b[2mat Object.toHaveProperty (\u001b[22m\u001b[2m\u001b[0m\u001b[36mtests/proxy.test.js\u001b[39m\u001b[0m\u001b[2m:50:37)\u001b[22m\u001b[2m\u001b[22m\n","name":"C:\\Users\\Omkar\\Downloads\\API Gateway\\tests\\proxy.test.js","startTime":1773899252713,"status":"failed","summary":""},{"assertionResults":[{"ancestorTitles":["Role-Based Access Control (RBAC)"],"duration":13,"failing":false,"failureDetails":[],"failureMessages":[],"fullName":"Role-Based Access Control (RBAC) should return 401 if no token is provided on admin route","invocations":1,"location":null,"numPassingAsserts":2,"retryReasons":[],"startAt":1773899253087,"status":"passed","title":"should return 401 if no token is provided on admin route"},{"ancestorTitles":["Role-Based Access Control (RBAC)"],"duration":16,"failing":false,"failureDetails":[],"failureMessages":[],"fullName":"Role-Based Access Control (RBAC) should return 403 if valid token does not have admin role","invocations":1,"location":null,"numPassingAsserts":2,"retryReasons":[],"startAt":1773899253102,"status":"passed","title":"should return 403 if valid token does not have admin role"},{"ancestorTitles":["Role-Based Access Control (RBAC)"],"duration":13,"failing":false,"failureDetails":[],"failureMessages":[],"fullName":"Role-Based Access Control (RBAC) should proxy through and return 200 if valid token has admin role","invocations":1,"location":null,"numPassingAsserts":2,"retryReasons":[],"startAt":1773899253119,"status":"passed","title":"should proxy through and return 200 if valid token has admin role"}],"endTime":1773899253134,"message":"","name":"C:\\Users\\Omkar\\Downloads\\API Gateway\\tests\\rbac.test.js","startTime":1773899252915,"status":"passed","summary":""},{"assertionResults":[{"ancestorTitles":["JWT Authentication Middleware"],"duration":8,"failing":false,"failureDetails":[],"failureMessages":[],"fullName":"JWT Authentication Middleware should return 401 if no token is provided","invocations":1,"location":null,"numPassingAsserts":3,"retryReasons":[],"startAt":1773899253299,"status":"passed","title":"should return 401 if no token is provided"},{"ancestorTitles":["JWT Authentication Middleware"],"duration":6,"failing":false,"failureDetails":[],"failureMessages":[],"fullName":"JWT Authentication Middleware should return 401 if token is malformed","invocations":1,"location":null,"numPassingAsserts":2,"retryReasons":[],"startAt":1773899253308,"status":"passed","title":"should return 401 if token is malformed"},{"ancestorTitles":["JWT Authentication Middleware"],"duration":6,"failing":false,"failureDetails":[],"failureMessages":[],"fullName":"JWT Authentication Middleware should return 401/403 if token is signed with wrong secret","invocations":1,"location":null,"numPassingAsserts":2,"retryReasons":[],"startAt":1773899253314,"status":"passed","title":"should return 401/403 if token is signed with wrong secret"},{"ancestorTitles":["JWT Authentication Middleware"],"duration":7,"failing":false,"failureDetails":[],"failureMessages":[],"fullName":"JWT Authentication Middleware should return 401/403 if token is expired","invocations":1,"location":null,"numPassingAsserts":2,"retryReasons":[],"startAt":1773899253321,"status":"passed","title":"should return 401/403 if token is expired"},{"ancestorTitles":["JWT Authentication Middleware"],"duration":14,"failing":false,"failureDetails":[],"failureMessages":[],"fullName":"JWT Authentication Middleware should proxy through and return 200 with valid token","invocations":1,"location":null,"numPassingAsserts":2,"retryReasons":[],"startAt":1773899253329,"status":"passed","title":"should proxy through and return 200 with valid token"}],"endTime":1773899253345,"message":"","name":"C:\\Users\\Omkar\\Downloads\\API Gateway\\tests\\auth.test.js","startTime":1773899253145,"status":"passed","summary":""}],"wasInterrupted":false}
